INFO:root:2023-03-10 17:22:46.726380 - COCOSUSDT icin 15m mumlarda degisim orani 1.09
INFO:root:2023-03-10 17:24:37.889361 - ICPUSDT icin 15m mumlarda degisim orani 1.05
INFO:root:2023-03-10 17:24:55.310358 - COCOSUSDT icin 15m mumlarda degisim orani 1.55
INFO:root:2023-03-10 17:25:44.924496 - INJUSDT icin 15m mumlarda degisim orani 1.09
INFO:root:2023-03-10 17:26:15.705665 - COCOSUSDT icin 15m mumlarda degisim orani 1.4
INFO:root:2023-03-10 17:27:38.898078 - COCOSUSDT icin 15m mumlarda degisim orani 1.24
INFO:root:2023-03-10 17:28:14.771215 - FXSUSDT icin 15m mumlarda degisim orani 1.04
INFO:root:2023-03-10 17:28:29.142130 - INJUSDT icin 15m mumlarda degisim orani 1.02
INFO:root:2023-03-10 17:28:45.385785 - ATOMUSDT icin 15m mumlarda degisim orani 1.1
INFO:root:2023-03-10 17:28:47.983725 - ACHUSDT icin 15m mumlarda degisim orani 1.24
INFO:root:2023-03-10 17:28:49.201066 - AXSUSDT icin 15m mumlarda degisim orani 1.01
INFO:root:2023-03-10 17:28:53.472585 - AGIXUSDT icin 15m mumlarda degisim orani 1.37
INFO:root:2023-03-10 17:28:55.623421 - ICPUSDT icin 15m mumlarda degisim orani 1.28
INFO:root:2023-03-10 17:29:13.181771 - COCOSUSDT icin 15m mumlarda degisim orani 1.63
INFO:root:2023-03-10 17:29:20.679777 - ARUSDT icin 15m mumlarda degisim orani 1.27
INFO:root:2023-03-10 17:29:28.871999 - RNDRUSDT icin 15m mumlarda degisim orani 1.46
INFO:root:2023-03-10 17:29:30.815996 - SOLUSDT icin 15m mumlarda degisim orani 1.03
INFO:root:2023-03-10 17:29:37.952926 - FXSUSDT icin 15m mumlarda degisim orani 1.17
INFO:root:2023-03-10 17:29:41.626193 - MASKUSDT icin 15m mumlarda degisim orani 1.19
INFO:root:2023-03-10 17:29:43.021990 - BELUSDT icin 15m mumlarda degisim orani 1.11
INFO:root:2023-03-10 17:29:58.022617 - ACHUSDT icin 15m mumlarda degisim orani 1.4
INFO:root:2023-03-10 17:30:02.802071 - AGIXUSDT icin 15m mumlarda degisim orani 1.21
INFO:root:2023-03-10 17:30:04.469564 - ICPUSDT icin 15m mumlarda degisim orani 1.15
